This is pdfTeX, Version 3.14159265-2.6-1.40.21 (TeX Live 2020/W32TeX) (preloaded format=pdflatex 2021.3.20)  20 MAR 2021 22:38
entering extended mode
 restricted \write18 enabled.
 %&-line parsing enabled.
**tidy_overview.tex
(./tidy_overview.tex
LaTeX2e <2020-10-01> patch level 4
L3 programming layer <2021-02-18>
(c:/Users/aghazi/AppData/Roaming/TinyTeX/texmf-dist/tex/latex/beamer/beamer.cls
Document Class: beamer 2021/03/19 v3.62 A class for typesetting presentations

(c:/Users/aghazi/AppData/Roaming/TinyTeX/texmf-dist/tex/latex/beamer/beamerbase
modes.sty
(c:/Users/aghazi/AppData/Roaming/TinyTeX/texmf-dist/tex/latex/etoolbox/etoolbox
.sty
Package: etoolbox 2020/10/05 v2.5k e-TeX tools for LaTeX (JAW)
\etb@tempcnta=\count179
)
\beamer@tempbox=\box47
\beamer@tempcount=\count180
\c@beamerpauses=\count181

(c:/Users/aghazi/AppData/Roaming/TinyTeX/texmf-dist/tex/latex/beamer/beamerbase
decode.sty
\beamer@slideinframe=\count182
\beamer@minimum=\count183
\beamer@decode@box=\box48
)
\beamer@commentbox=\box49
\beamer@modecount=\count184
)
(c:/Users/aghazi/AppData/Roaming/TinyTeX/texmf-dist/tex/generic/iftex/ifpdf.sty
Package: ifpdf 2019/10/25 v3.4 ifpdf legacy package. Use iftex instead.

(c:/Users/aghazi/AppData/Roaming/TinyTeX/texmf-dist/tex/generic/iftex/iftex.sty
Package: iftex 2020/03/06 v1.0d TeX engine tests
))
\headdp=\dimen138
\footheight=\dimen139
\sidebarheight=\dimen140
\beamer@tempdim=\dimen141
\beamer@finalheight=\dimen142
\beamer@animht=\dimen143
\beamer@animdp=\dimen144
\beamer@animwd=\dimen145
\beamer@leftmargin=\dimen146
\beamer@rightmargin=\dimen147
\beamer@leftsidebar=\dimen148
\beamer@rightsidebar=\dimen149
\beamer@boxsize=\dimen150
\beamer@vboxoffset=\dimen151
\beamer@descdefault=\dimen152
\beamer@descriptionwidth=\dimen153
\beamer@lastskip=\skip47
\beamer@areabox=\box50
\beamer@animcurrent=\box51
\beamer@animshowbox=\box52
\beamer@sectionbox=\box53
\beamer@logobox=\box54
\beamer@linebox=\box55
\beamer@sectioncount=\count185
\beamer@subsubsectionmax=\count186
\beamer@subsectionmax=\count187
\beamer@sectionmax=\count188
\beamer@totalheads=\count189
\beamer@headcounter=\count190
\beamer@partstartpage=\count191
\beamer@sectionstartpage=\count192
\beamer@subsectionstartpage=\count193
\beamer@animationtempa=\count194
\beamer@animationtempb=\count195
\beamer@xpos=\count196
\beamer@ypos=\count197
\beamer@ypos@offset=\count198
\beamer@showpartnumber=\count199
\beamer@currentsubsection=\count266
\beamer@coveringdepth=\count267
\beamer@sectionadjust=\count268
\beamer@tocsectionnumber=\count269

(c:/Users/aghazi/AppData/Roaming/TinyTeX/texmf-dist/tex/latex/beamer/beamerbase
options.sty
(c:/Users/aghazi/AppData/Roaming/TinyTeX/texmf-dist/tex/latex/graphics/keyval.s
ty
Package: keyval 2014/10/28 v1.15 key=value parser (DPC)
\KV@toks@=\toks15
))
\beamer@paperwidth=\skip48
\beamer@paperheight=\skip49

(c:/Users/aghazi/AppData/Roaming/TinyTeX/texmf-dist/tex/latex/geometry/geometry
.sty
Package: geometry 2020/01/02 v5.9 Page Geometry

(c:/Users/aghazi/AppData/Roaming/TinyTeX/texmf-dist/tex/generic/iftex/ifvtex.st
y
Package: ifvtex 2019/10/25 v1.7 ifvtex legacy package. Use iftex instead.
)
\Gm@cnth=\count270
\Gm@cntv=\count271
\c@Gm@tempcnt=\count272
\Gm@bindingoffset=\dimen154
\Gm@wd@mp=\dimen155
\Gm@odd@mp=\dimen156
\Gm@even@mp=\dimen157
\Gm@layoutwidth=\dimen158
\Gm@layoutheight=\dimen159
\Gm@layouthoffset=\dimen160
\Gm@layoutvoffset=\dimen161
\Gm@dimlist=\toks16
) (c:/Users/aghazi/AppData/Roaming/TinyTeX/texmf-dist/tex/latex/base/size11.clo
File: size11.clo 2020/04/10 v1.4m Standard LaTeX file (size option)
)
(c:/Users/aghazi/AppData/Roaming/TinyTeX/texmf-dist/tex/latex/pgf/basiclayer/pg
fcore.sty
(c:/Users/aghazi/AppData/Roaming/TinyTeX/texmf-dist/tex/latex/graphics/graphicx
.sty
Package: graphicx 2020/09/09 v1.2b Enhanced LaTeX Graphics (DPC,SPQR)

(c:/Users/aghazi/AppData/Roaming/TinyTeX/texmf-dist/tex/latex/graphics/graphics
.sty
Package: graphics 2020/08/30 v1.4c Standard LaTeX Graphics (DPC,SPQR)

(c:/Users/aghazi/AppData/Roaming/TinyTeX/texmf-dist/tex/latex/graphics/trig.sty
Package: trig 2016/01/03 v1.10 sin cos tan (DPC)
)
(c:/Users/aghazi/AppData/Roaming/TinyTeX/texmf-dist/tex/latex/graphics-cfg/grap
hics.cfg
File: graphics.cfg 2016/06/04 v1.11 sample graphics configuration
)
Package graphics Info: Driver file: pdftex.def on input line 105.

(c:/Users/aghazi/AppData/Roaming/TinyTeX/texmf-dist/tex/latex/graphics-def/pdft
ex.def
File: pdftex.def 2020/10/05 v1.2a Graphics/color driver for pdftex
))
\Gin@req@height=\dimen162
\Gin@req@width=\dimen163
)
(c:/Users/aghazi/AppData/Roaming/TinyTeX/texmf-dist/tex/latex/pgf/systemlayer/p
gfsys.sty
(c:/Users/aghazi/AppData/Roaming/TinyTeX/texmf-dist/tex/latex/pgf/utilities/pgf
rcs.sty
(c:/Users/aghazi/AppData/Roaming/TinyTeX/texmf-dist/tex/generic/pgf/utilities/p
gfutil-common.tex
\pgfutil@everybye=\toks17
\pgfutil@tempdima=\dimen164
\pgfutil@tempdimb=\dimen165

(c:/Users/aghazi/AppData/Roaming/TinyTeX/texmf-dist/tex/generic/pgf/utilities/p
gfutil-common-lists.tex))
(c:/Users/aghazi/AppData/Roaming/TinyTeX/texmf-dist/tex/generic/pgf/utilities/p
gfutil-latex.def
\pgfutil@abb=\box56
)
(c:/Users/aghazi/AppData/Roaming/TinyTeX/texmf-dist/tex/generic/pgf/utilities/p
gfrcs.code.tex
(c:/Users/aghazi/AppData/Roaming/TinyTeX/texmf-dist/tex/generic/pgf/pgf.revisio
n.tex)
Package: pgfrcs 2020/12/27 v3.1.8b (3.1.8b)
))
(c:/Users/aghazi/AppData/Roaming/TinyTeX/texmf-dist/tex/generic/pgf/systemlayer
/pgfsys.code.tex
Package: pgfsys 2020/12/27 v3.1.8b (3.1.8b)

(c:/Users/aghazi/AppData/Roaming/TinyTeX/texmf-dist/tex/generic/pgf/utilities/p
gfkeys.code.tex
\pgfkeys@pathtoks=\toks18
\pgfkeys@temptoks=\toks19

(c:/Users/aghazi/AppData/Roaming/TinyTeX/texmf-dist/tex/generic/pgf/utilities/p
gfkeysfiltered.code.tex
\pgfkeys@tmptoks=\toks20
))
\pgf@x=\dimen166
\pgf@y=\dimen167
\pgf@xa=\dimen168
\pgf@ya=\dimen169
\pgf@xb=\dimen170
\pgf@yb=\dimen171
\pgf@xc=\dimen172
\pgf@yc=\dimen173
\pgf@xd=\dimen174
\pgf@yd=\dimen175
\w@pgf@writea=\write3
\r@pgf@reada=\read2
\c@pgf@counta=\count273
\c@pgf@countb=\count274
\c@pgf@countc=\count275
\c@pgf@countd=\count276
\t@pgf@toka=\toks21
\t@pgf@tokb=\toks22
\t@pgf@tokc=\toks23
\pgf@sys@id@count=\count277

(c:/Users/aghazi/AppData/Roaming/TinyTeX/texmf-dist/tex/generic/pgf/systemlayer
/pgf.cfg
File: pgf.cfg 2020/12/27 v3.1.8b (3.1.8b)
)
Driver file for pgf: pgfsys-pdftex.def

(c:/Users/aghazi/AppData/Roaming/TinyTeX/texmf-dist/tex/generic/pgf/systemlayer
/pgfsys-pdftex.def
File: pgfsys-pdftex.def 2020/12/27 v3.1.8b (3.1.8b)

(c:/Users/aghazi/AppData/Roaming/TinyTeX/texmf-dist/tex/generic/pgf/systemlayer
/pgfsys-common-pdf.def
File: pgfsys-common-pdf.def 2020/12/27 v3.1.8b (3.1.8b)
)))
(c:/Users/aghazi/AppData/Roaming/TinyTeX/texmf-dist/tex/generic/pgf/systemlayer
/pgfsyssoftpath.code.tex
File: pgfsyssoftpath.code.tex 2020/12/27 v3.1.8b (3.1.8b)
\pgfsyssoftpath@smallbuffer@items=\count278
\pgfsyssoftpath@bigbuffer@items=\count279
)
(c:/Users/aghazi/AppData/Roaming/TinyTeX/texmf-dist/tex/generic/pgf/systemlayer
/pgfsysprotocol.code.tex
File: pgfsysprotocol.code.tex 2020/12/27 v3.1.8b (3.1.8b)
))
(c:/Users/aghazi/AppData/Roaming/TinyTeX/texmf-dist/tex/latex/xcolor/xcolor.sty
Package: xcolor 2016/05/11 v2.12 LaTeX color extensions (UK)

(c:/Users/aghazi/AppData/Roaming/TinyTeX/texmf-dist/tex/latex/graphics-cfg/colo
r.cfg
File: color.cfg 2016/01/02 v1.6 sample color configuration
)
Package xcolor Info: Driver file: pdftex.def on input line 225.
Package xcolor Info: Model `cmy' substituted by `cmy0' on input line 1348.
Package xcolor Info: Model `hsb' substituted by `rgb' on input line 1352.
Package xcolor Info: Model `RGB' extended on input line 1364.
Package xcolor Info: Model `HTML' substituted by `rgb' on input line 1366.
Package xcolor Info: Model `Hsb' substituted by `hsb' on input line 1367.
Package xcolor Info: Model `tHsb' substituted by `hsb' on input line 1368.
Package xcolor Info: Model `HSB' substituted by `hsb' on input line 1369.
Package xcolor Info: Model `Gray' substituted by `gray' on input line 1370.
Package xcolor Info: Model `wave' substituted by `hsb' on input line 1371.
)
(c:/Users/aghazi/AppData/Roaming/TinyTeX/texmf-dist/tex/generic/pgf/basiclayer/
pgfcore.code.tex
Package: pgfcore 2020/12/27 v3.1.8b (3.1.8b)

(c:/Users/aghazi/AppData/Roaming/TinyTeX/texmf-dist/tex/generic/pgf/math/pgfmat
h.code.tex
(c:/Users/aghazi/AppData/Roaming/TinyTeX/texmf-dist/tex/generic/pgf/math/pgfmat
hcalc.code.tex
(c:/Users/aghazi/AppData/Roaming/TinyTeX/texmf-dist/tex/generic/pgf/math/pgfmat
hutil.code.tex)
(c:/Users/aghazi/AppData/Roaming/TinyTeX/texmf-dist/tex/generic/pgf/math/pgfmat
hparser.code.tex
\pgfmath@dimen=\dimen176
\pgfmath@count=\count280
\pgfmath@box=\box57
\pgfmath@toks=\toks24
\pgfmath@stack@operand=\toks25
\pgfmath@stack@operation=\toks26
)
(c:/Users/aghazi/AppData/Roaming/TinyTeX/texmf-dist/tex/generic/pgf/math/pgfmat
hfunctions.code.tex
(c:/Users/aghazi/AppData/Roaming/TinyTeX/texmf-dist/tex/generic/pgf/math/pgfmat
hfunctions.basic.code.tex)
(c:/Users/aghazi/AppData/Roaming/TinyTeX/texmf-dist/tex/generic/pgf/math/pgfmat
hfunctions.trigonometric.code.tex)
(c:/Users/aghazi/AppData/Roaming/TinyTeX/texmf-dist/tex/generic/pgf/math/pgfmat
hfunctions.random.code.tex)
(c:/Users/aghazi/AppData/Roaming/TinyTeX/texmf-dist/tex/generic/pgf/math/pgfmat
hfunctions.comparison.code.tex)
(c:/Users/aghazi/AppData/Roaming/TinyTeX/texmf-dist/tex/generic/pgf/math/pgfmat
hfunctions.base.code.tex)
(c:/Users/aghazi/AppData/Roaming/TinyTeX/texmf-dist/tex/generic/pgf/math/pgfmat
hfunctions.round.code.tex)
(c:/Users/aghazi/AppData/Roaming/TinyTeX/texmf-dist/tex/generic/pgf/math/pgfmat
hfunctions.misc.code.tex)
(c:/Users/aghazi/AppData/Roaming/TinyTeX/texmf-dist/tex/generic/pgf/math/pgfmat
hfunctions.integerarithmetics.code.tex)))
(c:/Users/aghazi/AppData/Roaming/TinyTeX/texmf-dist/tex/generic/pgf/math/pgfmat
hfloat.code.tex
\c@pgfmathroundto@lastzeros=\count281
))
(c:/Users/aghazi/AppData/Roaming/TinyTeX/texmf-dist/tex/generic/pgf/math/pgfint
.code.tex)
(c:/Users/aghazi/AppData/Roaming/TinyTeX/texmf-dist/tex/generic/pgf/basiclayer/
pgfcorepoints.code.tex
File: pgfcorepoints.code.tex 2020/12/27 v3.1.8b (3.1.8b)
\pgf@picminx=\dimen177
\pgf@picmaxx=\dimen178
\pgf@picminy=\dimen179
\pgf@picmaxy=\dimen180
\pgf@pathminx=\dimen181
\pgf@pathmaxx=\dimen182
\pgf@pathminy=\dimen183
\pgf@pathmaxy=\dimen184
\pgf@xx=\dimen185
\pgf@xy=\dimen186
\pgf@yx=\dimen187
\pgf@yy=\dimen188
\pgf@zx=\dimen189
\pgf@zy=\dimen190
)
(c:/Users/aghazi/AppData/Roaming/TinyTeX/texmf-dist/tex/generic/pgf/basiclayer/
pgfcorepathconstruct.code.tex
File: pgfcorepathconstruct.code.tex 2020/12/27 v3.1.8b (3.1.8b)
\pgf@path@lastx=\dimen191
\pgf@path@lasty=\dimen192
)
(c:/Users/aghazi/AppData/Roaming/TinyTeX/texmf-dist/tex/generic/pgf/basiclayer/
pgfcorepathusage.code.tex
File: pgfcorepathusage.code.tex 2020/12/27 v3.1.8b (3.1.8b)
\pgf@shorten@end@additional=\dimen193
\pgf@shorten@start@additional=\dimen194
)
(c:/Users/aghazi/AppData/Roaming/TinyTeX/texmf-dist/tex/generic/pgf/basiclayer/
pgfcorescopes.code.tex
File: pgfcorescopes.code.tex 2020/12/27 v3.1.8b (3.1.8b)
\pgfpic=\box58
\pgf@hbox=\box59
\pgf@layerbox@main=\box60
\pgf@picture@serial@count=\count282
)
(c:/Users/aghazi/AppData/Roaming/TinyTeX/texmf-dist/tex/generic/pgf/basiclayer/
pgfcoregraphicstate.code.tex
File: pgfcoregraphicstate.code.tex 2020/12/27 v3.1.8b (3.1.8b)
\pgflinewidth=\dimen195
)
(c:/Users/aghazi/AppData/Roaming/TinyTeX/texmf-dist/tex/generic/pgf/basiclayer/
pgfcoretransformations.code.tex
File: pgfcoretransformations.code.tex 2020/12/27 v3.1.8b (3.1.8b)
\pgf@pt@x=\dimen196
\pgf@pt@y=\dimen197
\pgf@pt@temp=\dimen198
)
(c:/Users/aghazi/AppData/Roaming/TinyTeX/texmf-dist/tex/generic/pgf/basiclayer/
pgfcorequick.code.tex
File: pgfcorequick.code.tex 2020/12/27 v3.1.8b (3.1.8b)
)
(c:/Users/aghazi/AppData/Roaming/TinyTeX/texmf-dist/tex/generic/pgf/basiclayer/
pgfcoreobjects.code.tex
File: pgfcoreobjects.code.tex 2020/12/27 v3.1.8b (3.1.8b)
)
(c:/Users/aghazi/AppData/Roaming/TinyTeX/texmf-dist/tex/generic/pgf/basiclayer/
pgfcorepathprocessing.code.tex
File: pgfcorepathprocessing.code.tex 2020/12/27 v3.1.8b (3.1.8b)
)
(c:/Users/aghazi/AppData/Roaming/TinyTeX/texmf-dist/tex/generic/pgf/basiclayer/
pgfcorearrows.code.tex
File: pgfcorearrows.code.tex 2020/12/27 v3.1.8b (3.1.8b)
\pgfarrowsep=\dimen199
)
(c:/Users/aghazi/AppData/Roaming/TinyTeX/texmf-dist/tex/generic/pgf/basiclayer/
pgfcoreshade.code.tex
File: pgfcoreshade.code.tex 2020/12/27 v3.1.8b (3.1.8b)
\pgf@max=\dimen256
\pgf@sys@shading@range@num=\count283
\pgf@shadingcount=\count284
)
(c:/Users/aghazi/AppData/Roaming/TinyTeX/texmf-dist/tex/generic/pgf/basiclayer/
pgfcoreimage.code.tex
File: pgfcoreimage.code.tex 2020/12/27 v3.1.8b (3.1.8b)

(c:/Users/aghazi/AppData/Roaming/TinyTeX/texmf-dist/tex/generic/pgf/basiclayer/
pgfcoreexternal.code.tex
File: pgfcoreexternal.code.tex 2020/12/27 v3.1.8b (3.1.8b)
\pgfexternal@startupbox=\box61
))
(c:/Users/aghazi/AppData/Roaming/TinyTeX/texmf-dist/tex/generic/pgf/basiclayer/
pgfcorelayers.code.tex
File: pgfcorelayers.code.tex 2020/12/27 v3.1.8b (3.1.8b)
)
(c:/Users/aghazi/AppData/Roaming/TinyTeX/texmf-dist/tex/generic/pgf/basiclayer/
pgfcoretransparency.code.tex
File: pgfcoretransparency.code.tex 2020/12/27 v3.1.8b (3.1.8b)
)
(c:/Users/aghazi/AppData/Roaming/TinyTeX/texmf-dist/tex/generic/pgf/basiclayer/
pgfcorepatterns.code.tex
File: pgfcorepatterns.code.tex 2020/12/27 v3.1.8b (3.1.8b)
)
(c:/Users/aghazi/AppData/Roaming/TinyTeX/texmf-dist/tex/generic/pgf/basiclayer/
pgfcorerdf.code.tex
File: pgfcorerdf.code.tex 2020/12/27 v3.1.8b (3.1.8b)
)))
(c:/Users/aghazi/AppData/Roaming/TinyTeX/texmf-dist/tex/latex/pgf/utilities/xxc
olor.sty
Package: xxcolor 2003/10/24 ver 0.1
\XC@nummixins=\count285
\XC@countmixins=\count286
)
(c:/Users/aghazi/AppData/Roaming/TinyTeX/texmf-dist/tex/latex/base/atbegshi-ltx
.sty
Package: atbegshi-ltx 2020/08/17 v1.0a Emulation of the original atbegshi packa
ge
with kernel methods
)
(c:/Users/aghazi/AppData/Roaming/TinyTeX/texmf-dist/tex/latex/hyperref/hyperref
.sty
Package: hyperref 2021-02-27 v7.00k Hypertext links for LaTeX

(c:/Users/aghazi/AppData/Roaming/TinyTeX/texmf-dist/tex/generic/ltxcmds/ltxcmds
.sty
Package: ltxcmds 2020-05-10 v1.25 LaTeX kernel commands for general use (HO)
)
(c:/Users/aghazi/AppData/Roaming/TinyTeX/texmf-dist/tex/generic/pdftexcmds/pdft
excmds.sty
Package: pdftexcmds 2020-06-27 v0.33 Utility functions of pdfTeX for LuaTeX (HO
)

(c:/Users/aghazi/AppData/Roaming/TinyTeX/texmf-dist/tex/generic/infwarerr/infwa
rerr.sty
Package: infwarerr 2019/12/03 v1.5 Providing info/warning/error messages (HO)
)
Package pdftexcmds Info: \pdf@primitive is available.
Package pdftexcmds Info: \pdf@ifprimitive is available.
Package pdftexcmds Info: \pdfdraftmode found.
)
(c:/Users/aghazi/AppData/Roaming/TinyTeX/texmf-dist/tex/generic/kvsetkeys/kvset
keys.sty
Package: kvsetkeys 2019/12/15 v1.18 Key value parser (HO)
)
(c:/Users/aghazi/AppData/Roaming/TinyTeX/texmf-dist/tex/generic/kvdefinekeys/kv
definekeys.sty
Package: kvdefinekeys 2019-12-19 v1.6 Define keys (HO)
)
(c:/Users/aghazi/AppData/Roaming/TinyTeX/texmf-dist/tex/generic/pdfescape/pdfes
cape.sty
Package: pdfescape 2019/12/09 v1.15 Implements pdfTeX's escape features (HO)
)
(c:/Users/aghazi/AppData/Roaming/TinyTeX/texmf-dist/tex/latex/hycolor/hycolor.s
ty
Package: hycolor 2020-01-27 v1.10 Color options for hyperref/bookmark (HO)
)
(c:/Users/aghazi/AppData/Roaming/TinyTeX/texmf-dist/tex/latex/letltxmacro/letlt
xmacro.sty
Package: letltxmacro 2019/12/03 v1.6 Let assignment for LaTeX macros (HO)
)
(c:/Users/aghazi/AppData/Roaming/TinyTeX/texmf-dist/tex/latex/auxhook/auxhook.s
ty
Package: auxhook 2019-12-17 v1.6 Hooks for auxiliary files (HO)
)
(c:/Users/aghazi/AppData/Roaming/TinyTeX/texmf-dist/tex/latex/kvoptions/kvoptio
ns.sty
Package: kvoptions 2020-10-07 v3.14 Key value format for package options (HO)
)
\@linkdim=\dimen257
\Hy@linkcounter=\count287
\Hy@pagecounter=\count288

(c:/Users/aghazi/AppData/Roaming/TinyTeX/texmf-dist/tex/latex/hyperref/pd1enc.d
ef
File: pd1enc.def 2021-02-27 v7.00k Hyperref: PDFDocEncoding definition (HO)
Now handling font encoding PD1 ...
... no UTF-8 mapping file for font encoding PD1
)
(c:/Users/aghazi/AppData/Roaming/TinyTeX/texmf-dist/tex/latex/hyperref/hyperref
-langpatches.def
File: hyperref-langpatches.def 2021-02-27 v7.00k Hyperref: patches for babel la
nguages
)
(c:/Users/aghazi/AppData/Roaming/TinyTeX/texmf-dist/tex/generic/intcalc/intcalc
.sty
Package: intcalc 2019/12/15 v1.3 Expandable calculations with integers (HO)
)
(c:/Users/aghazi/AppData/Roaming/TinyTeX/texmf-dist/tex/generic/etexcmds/etexcm
ds.sty
Package: etexcmds 2019/12/15 v1.7 Avoid name clashes with e-TeX commands (HO)
)
\Hy@SavedSpaceFactor=\count289

(c:/Users/aghazi/AppData/Roaming/TinyTeX/texmf-dist/tex/latex/hyperref/puenc.de
f
File: puenc.def 2021-02-27 v7.00k Hyperref: PDF Unicode definition (HO)
Now handling font encoding PU ...
... no UTF-8 mapping file for font encoding PU
)
Package hyperref Info: Option `unicode' set `true' on input line 4073.
Package hyperref Info: Option `bookmarks' set `true' on input line 4073.
Package hyperref Info: Option `bookmarksopen' set `true' on input line 4073.
Package hyperref Info: Option `implicit' set `false' on input line 4073.
Package hyperref Info: Hyper figures OFF on input line 4192.
Package hyperref Info: Link nesting OFF on input line 4197.
Package hyperref Info: Hyper index ON on input line 4200.
Package hyperref Info: Plain pages OFF on input line 4207.
Package hyperref Info: Backreferencing OFF on input line 4212.
Package hyperref Info: Implicit mode OFF; no redefinition of LaTeX internals.
Package hyperref Info: Bookmarks ON on input line 4445.
\c@Hy@tempcnt=\count290
(c:/Users/aghazi/AppData/Roaming/TinyTeX/texmf-dist/tex/latex/url/url.sty
\Urlmuskip=\muskip16
Package: url 2013/09/16  ver 3.4  Verb mode for urls, etc.
)
LaTeX Info: Redefining \url on input line 4804.
\XeTeXLinkMargin=\dimen258

(c:/Users/aghazi/AppData/Roaming/TinyTeX/texmf-dist/tex/generic/bitset/bitset.s
ty
Package: bitset 2019/12/09 v1.3 Handle bit-vector datatype (HO)

(c:/Users/aghazi/AppData/Roaming/TinyTeX/texmf-dist/tex/generic/bigintcalc/bigi
ntcalc.sty
Package: bigintcalc 2019/12/15 v1.5 Expandable calculations on big integers (HO
)
))
\Fld@menulength=\count291
\Field@Width=\dimen259
\Fld@charsize=\dimen260
Package hyperref Info: Hyper figures OFF on input line 6075.
Package hyperref Info: Link nesting OFF on input line 6080.
Package hyperref Info: Hyper index ON on input line 6083.
Package hyperref Info: backreferencing OFF on input line 6090.
Package hyperref Info: Link coloring OFF on input line 6095.
Package hyperref Info: Link coloring with OCG OFF on input line 6100.
Package hyperref Info: PDF/A mode OFF on input line 6105.
LaTeX Info: Redefining \ref on input line 6145.
LaTeX Info: Redefining \pageref on input line 6149.
\Hy@abspage=\count292

Package hyperref Message: Stopped early.

)
Package hyperref Info: Driver (autodetected): hpdftex.

(c:/Users/aghazi/AppData/Roaming/TinyTeX/texmf-dist/tex/latex/hyperref/hpdftex.
def
File: hpdftex.def 2021-02-27 v7.00k Hyperref driver for pdfTeX

(c:/Users/aghazi/AppData/Roaming/TinyTeX/texmf-dist/tex/latex/base/atveryend-lt
x.sty
Package: atveryend-ltx 2020/08/19 v1.0a Emulation of the original atvery packag
e
with kernel methods
)
\Fld@listcount=\count293
\c@bookmark@seq@number=\count294

(c:/Users/aghazi/AppData/Roaming/TinyTeX/texmf-dist/tex/latex/rerunfilecheck/re
runfilecheck.sty
Package: rerunfilecheck 2019/12/05 v1.9 Rerun checks for auxiliary files (HO)

(c:/Users/aghazi/AppData/Roaming/TinyTeX/texmf-dist/tex/generic/uniquecounter/u
niquecounter.sty
Package: uniquecounter 2019/12/15 v1.4 Provide unlimited unique counter (HO)
)
Package uniquecounter Info: New unique counter `rerunfilecheck' on input line 2
86.
))
(c:/Users/aghazi/AppData/Roaming/TinyTeX/texmf-dist/tex/latex/beamer/beamerbase
requires.sty
(c:/Users/aghazi/AppData/Roaming/TinyTeX/texmf-dist/tex/latex/beamer/beamerbase
compatibility.sty)
(c:/Users/aghazi/AppData/Roaming/TinyTeX/texmf-dist/tex/latex/beamer/beamerbase
font.sty
(c:/Users/aghazi/AppData/Roaming/TinyTeX/texmf-dist/tex/latex/amsfonts/amssymb.
sty
Package: amssymb 2013/01/14 v3.01 AMS font symbols

(c:/Users/aghazi/AppData/Roaming/TinyTeX/texmf-dist/tex/latex/amsfonts/amsfonts
.sty
Package: amsfonts 2013/01/14 v3.01 Basic AMSFonts support
\@emptytoks=\toks27
\symAMSa=\mathgroup4
\symAMSb=\mathgroup5
LaTeX Font Info:    Redeclaring math symbol \hbar on input line 98.
LaTeX Font Info:    Overwriting math alphabet `\mathfrak' in version `bold'
(Font)                  U/euf/m/n --> U/euf/b/n on input line 106.
)))
(c:/Users/aghazi/AppData/Roaming/TinyTeX/texmf-dist/tex/latex/beamer/beamerbase
translator.sty
(c:/Users/aghazi/AppData/Roaming/TinyTeX/texmf-dist/tex/latex/translator/transl
ator.sty
Package: translator 2020-08-03 v1.12c Easy translation of strings in LaTeX
))
(c:/Users/aghazi/AppData/Roaming/TinyTeX/texmf-dist/tex/latex/beamer/beamerbase
misc.sty)
(c:/Users/aghazi/AppData/Roaming/TinyTeX/texmf-dist/tex/latex/beamer/beamerbase
twoscreens.sty)
(c:/Users/aghazi/AppData/Roaming/TinyTeX/texmf-dist/tex/latex/beamer/beamerbase
overlay.sty
\beamer@argscount=\count295
\beamer@lastskipcover=\skip50
\beamer@trivlistdepth=\count296
)
(c:/Users/aghazi/AppData/Roaming/TinyTeX/texmf-dist/tex/latex/beamer/beamerbase
title.sty)
(c:/Users/aghazi/AppData/Roaming/TinyTeX/texmf-dist/tex/latex/beamer/beamerbase
section.sty
\c@lecture=\count297
\c@part=\count298
\c@section=\count299
\c@subsection=\count300
\c@subsubsection=\count301
)
(c:/Users/aghazi/AppData/Roaming/TinyTeX/texmf-dist/tex/latex/beamer/beamerbase
frame.sty
\beamer@framebox=\box62
\beamer@frametitlebox=\box63
\beamer@zoombox=\box64
\beamer@zoomcount=\count302
\beamer@zoomframecount=\count303
\beamer@frametextheight=\dimen261
\c@subsectionslide=\count304
\beamer@frametopskip=\skip51
\beamer@framebottomskip=\skip52
\beamer@frametopskipautobreak=\skip53
\beamer@framebottomskipautobreak=\skip54
\beamer@envbody=\toks28
\framewidth=\dimen262
\c@framenumber=\count305
)
(c:/Users/aghazi/AppData/Roaming/TinyTeX/texmf-dist/tex/latex/beamer/beamerbase
verbatim.sty
\beamer@verbatimfileout=\write4
)
(c:/Users/aghazi/AppData/Roaming/TinyTeX/texmf-dist/tex/latex/beamer/beamerbase
framesize.sty
\beamer@splitbox=\box65
\beamer@autobreakcount=\count306
\beamer@autobreaklastheight=\dimen263
\beamer@frametitletoks=\toks29
\beamer@framesubtitletoks=\toks30
)
(c:/Users/aghazi/AppData/Roaming/TinyTeX/texmf-dist/tex/latex/beamer/beamerbase
framecomponents.sty
\beamer@footins=\box66
)
(c:/Users/aghazi/AppData/Roaming/TinyTeX/texmf-dist/tex/latex/beamer/beamerbase
color.sty)
(c:/Users/aghazi/AppData/Roaming/TinyTeX/texmf-dist/tex/latex/beamer/beamerbase
notes.sty
\beamer@frameboxcopy=\box67
)
(c:/Users/aghazi/AppData/Roaming/TinyTeX/texmf-dist/tex/latex/beamer/beamerbase
toc.sty)
(c:/Users/aghazi/AppData/Roaming/TinyTeX/texmf-dist/tex/latex/beamer/beamerbase
templates.sty
\beamer@sbttoks=\toks31

(c:/Users/aghazi/AppData/Roaming/TinyTeX/texmf-dist/tex/latex/beamer/beamerbase
auxtemplates.sty
(c:/Users/aghazi/AppData/Roaming/TinyTeX/texmf-dist/tex/latex/beamer/beamerbase
boxes.sty
\bmb@box=\box68
\bmb@colorbox=\box69
\bmb@boxwidth=\dimen264
\bmb@boxheight=\dimen265
\bmb@prevheight=\dimen266
\bmb@temp=\dimen267
\bmb@dima=\dimen268
\bmb@dimb=\dimen269
\bmb@prevheight=\dimen270
)
\beamer@blockheadheight=\dimen271
))
(c:/Users/aghazi/AppData/Roaming/TinyTeX/texmf-dist/tex/latex/beamer/beamerbase
localstructure.sty
(c:/Users/aghazi/AppData/Roaming/TinyTeX/texmf-dist/tex/latex/tools/enumerate.s
ty
Package: enumerate 2015/07/23 v3.00 enumerate extensions (DPC)
\@enLab=\toks32
)
\beamer@bibiconwidth=\skip55
\c@figure=\count307
\c@table=\count308
\abovecaptionskip=\skip56
\belowcaptionskip=\skip57
)
(c:/Users/aghazi/AppData/Roaming/TinyTeX/texmf-dist/tex/latex/beamer/beamerbase
navigation.sty
\beamer@section@min@dim=\dimen272
)
(c:/Users/aghazi/AppData/Roaming/TinyTeX/texmf-dist/tex/latex/beamer/beamerbase
theorems.sty
(c:/Users/aghazi/AppData/Roaming/TinyTeX/texmf-dist/tex/latex/amsmath/amsmath.s
ty
Package: amsmath 2020/09/23 v2.17i AMS math features
\@mathmargin=\skip58
For additional information on amsmath, use the `?' option.

(c:/Users/aghazi/AppData/Roaming/TinyTeX/texmf-dist/tex/latex/amsmath/amstext.s
ty
Package: amstext 2000/06/29 v2.01 AMS text

(c:/Users/aghazi/AppData/Roaming/TinyTeX/texmf-dist/tex/latex/amsmath/amsgen.st
y
File: amsgen.sty 1999/11/30 v2.0 generic functions
\@emptytoks=\toks33
\ex@=\dimen273
))
(c:/Users/aghazi/AppData/Roaming/TinyTeX/texmf-dist/tex/latex/amsmath/amsbsy.st
y
Package: amsbsy 1999/11/29 v1.2d Bold Symbols
\pmbraise@=\dimen274
)
(c:/Users/aghazi/AppData/Roaming/TinyTeX/texmf-dist/tex/latex/amsmath/amsopn.st
y
Package: amsopn 2016/03/08 v2.02 operator names
)
\inf@bad=\count309
LaTeX Info: Redefining \frac on input line 234.
\uproot@=\count310
\leftroot@=\count311
LaTeX Info: Redefining \overline on input line 399.
\classnum@=\count312
\DOTSCASE@=\count313
LaTeX Info: Redefining \ldots on input line 496.
LaTeX Info: Redefining \dots on input line 499.
LaTeX Info: Redefining \cdots on input line 620.
\Mathstrutbox@=\box70
\strutbox@=\box71
\big@size=\dimen275
LaTeX Font Info:    Redeclaring font encoding OML on input line 743.
LaTeX Font Info:    Redeclaring font encoding OMS on input line 744.
\macc@depth=\count314
\c@MaxMatrixCols=\count315
\dotsspace@=\muskip17
\c@parentequation=\count316
\dspbrk@lvl=\count317
\tag@help=\toks34
\row@=\count318
\column@=\count319
\maxfields@=\count320
\andhelp@=\toks35
\eqnshift@=\dimen276
\alignsep@=\dimen277
\tagshift@=\dimen278
\tagwidth@=\dimen279
\totwidth@=\dimen280
\lineht@=\dimen281
\@envbody=\toks36
\multlinegap=\skip59
\multlinetaggap=\skip60
\mathdisplay@stack=\toks37
LaTeX Info: Redefining \[ on input line 2923.
LaTeX Info: Redefining \] on input line 2924.
)
(c:/Users/aghazi/AppData/Roaming/TinyTeX/texmf-dist/tex/latex/amscls/amsthm.sty
Package: amsthm 2020/05/29 v2.20.6
\thm@style=\toks38
\thm@bodyfont=\toks39
\thm@headfont=\toks40
\thm@notefont=\toks41
\thm@headpunct=\toks42
\thm@preskip=\skip61
\thm@postskip=\skip62
\thm@headsep=\skip63
\dth@everypar=\toks43
)
\c@theorem=\count321
)
(c:/Users/aghazi/AppData/Roaming/TinyTeX/texmf-dist/tex/latex/beamer/beamerbase
themes.sty))
(c:/Users/aghazi/AppData/Roaming/TinyTeX/texmf-dist/tex/latex/beamer/beamerthem
edefault.sty
(c:/Users/aghazi/AppData/Roaming/TinyTeX/texmf-dist/tex/latex/beamer/beamerfont
themedefault.sty)
(c:/Users/aghazi/AppData/Roaming/TinyTeX/texmf-dist/tex/latex/beamer/beamercolo
rthemedefault.sty)
(c:/Users/aghazi/AppData/Roaming/TinyTeX/texmf-dist/tex/latex/beamer/beamerinne
rthemedefault.sty
\beamer@dima=\dimen282
\beamer@dimb=\dimen283
)
(c:/Users/aghazi/AppData/Roaming/TinyTeX/texmf-dist/tex/latex/beamer/beameroute
rthemedefault.sty)))
(c:/Users/aghazi/AppData/Roaming/TinyTeX/texmf-dist/tex/latex/pgf/utilities/pgf
pages.sty
Package: pgfpages 2011/01/05 ver 0.02
(c:/Users/aghazi/AppData/Roaming/TinyTeX/texmf-dist/tex/latex/tools/calc.sty
Package: calc 2017/05/25 v4.3 Infix arithmetic (KKT,FJ)
\calc@Acount=\count322
\calc@Bcount=\count323
\calc@Adimen=\dimen284
\calc@Bdimen=\dimen285
\calc@Askip=\skip64
\calc@Bskip=\skip65
LaTeX Info: Redefining \setlength on input line 80.
LaTeX Info: Redefining \addtolength on input line 81.
\calc@Ccount=\count324
\calc@Cskip=\skip66
)
\pgf@logicalpages=\count325
\pgf@firstshipout=\count326
\pgf@lastshipout=\count327
\pgf@currentshipout=\count328
\pgf@cpn=\count329
\pgf@shipoutnextto=\count330
\pgfphysicalheight=\dimen286
\pgfphysicalwidth=\dimen287
\pgfpages@shipoutbox=\box72
) (c:/Users/aghazi/AppData/Roaming/TinyTeX/texmf-dist/tex/latex/lm/lmodern.sty
Package: lmodern 2009/10/30 v1.6 Latin Modern Fonts
LaTeX Font Info:    Overwriting symbol font `operators' in version `normal'
(Font)                  OT1/cmr/m/n --> OT1/lmr/m/n on input line 22.
LaTeX Font Info:    Overwriting symbol font `letters' in version `normal'
(Font)                  OML/cmm/m/it --> OML/lmm/m/it on input line 23.
LaTeX Font Info:    Overwriting symbol font `symbols' in version `normal'
(Font)                  OMS/cmsy/m/n --> OMS/lmsy/m/n on input line 24.
LaTeX Font Info:    Overwriting symbol font `largesymbols' in version `normal'
(Font)                  OMX/cmex/m/n --> OMX/lmex/m/n on input line 25.
LaTeX Font Info:    Overwriting symbol font `operators' in version `bold'
(Font)                  OT1/cmr/bx/n --> OT1/lmr/bx/n on input line 26.
LaTeX Font Info:    Overwriting symbol font `letters' in version `bold'
(Font)                  OML/cmm/b/it --> OML/lmm/b/it on input line 27.
LaTeX Font Info:    Overwriting symbol font `symbols' in version `bold'
(Font)                  OMS/cmsy/b/n --> OMS/lmsy/b/n on input line 28.
LaTeX Font Info:    Overwriting symbol font `largesymbols' in version `bold'
(Font)                  OMX/cmex/m/n --> OMX/lmex/m/n on input line 29.
LaTeX Font Info:    Overwriting math alphabet `\mathbf' in version `normal'
(Font)                  OT1/cmr/bx/n --> OT1/lmr/bx/n on input line 31.
LaTeX Font Info:    Overwriting math alphabet `\mathsf' in version `normal'
(Font)                  OT1/cmss/m/n --> OT1/lmss/m/n on input line 32.
LaTeX Font Info:    Overwriting math alphabet `\mathit' in version `normal'
(Font)                  OT1/cmr/m/it --> OT1/lmr/m/it on input line 33.
LaTeX Font Info:    Overwriting math alphabet `\mathtt' in version `normal'
(Font)                  OT1/cmtt/m/n --> OT1/lmtt/m/n on input line 34.
LaTeX Font Info:    Overwriting math alphabet `\mathbf' in version `bold'
(Font)                  OT1/cmr/bx/n --> OT1/lmr/bx/n on input line 35.
LaTeX Font Info:    Overwriting math alphabet `\mathsf' in version `bold'
(Font)                  OT1/cmss/bx/n --> OT1/lmss/bx/n on input line 36.
LaTeX Font Info:    Overwriting math alphabet `\mathit' in version `bold'
(Font)                  OT1/cmr/bx/it --> OT1/lmr/bx/it on input line 37.
LaTeX Font Info:    Overwriting math alphabet `\mathtt' in version `bold'
(Font)                  OT1/cmtt/m/n --> OT1/lmtt/m/n on input line 38.
)
(c:/Users/aghazi/AppData/Roaming/TinyTeX/texmf-dist/tex/generic/iftex/ifxetex.s
ty
Package: ifxetex 2019/10/25 v0.7 ifxetex legacy package. Use iftex instead.
)
(c:/Users/aghazi/AppData/Roaming/TinyTeX/texmf-dist/tex/generic/iftex/ifluatex.
sty
Package: ifluatex 2019/10/25 v1.5 ifluatex legacy package. Use iftex instead.
) (c:/Users/aghazi/AppData/Roaming/TinyTeX/texmf-dist/tex/latex/base/fontenc.st
y
Package: fontenc 2020/08/10 v2.0s Standard LaTeX package
LaTeX Font Info:    Trying to load font information for T1+lmss on input line 1
12.
(c:/Users/aghazi/AppData/Roaming/TinyTeX/texmf-dist/tex/latex/lm/t1lmss.fd
File: t1lmss.fd 2009/10/30 v1.6 Font defs for Latin Modern
))
(c:/Users/aghazi/AppData/Roaming/TinyTeX/texmf-dist/tex/latex/base/inputenc.sty
Package: inputenc 2020/08/01 v1.3d Input encoding file
\inpenc@prehook=\toks44
\inpenc@posthook=\toks45
)
(c:/Users/aghazi/AppData/Roaming/TinyTeX/texmf-dist/tex/latex/base/textcomp.sty
Package: textcomp 2020/02/02 v2.0n Standard LaTeX package
)
(c:/Users/aghazi/AppData/Roaming/TinyTeX/texmf-dist/tex/latex/fancyvrb/fancyvrb
.sty
Package: fancyvrb 2021/01/20 v3.7 verbatim text (tvz,hv)
\FV@CodeLineNo=\count331
\FV@InFile=\read3
\FV@TabBox=\box73
\c@FancyVerbLine=\count332
\FV@StepNumber=\count333
\FV@OutFile=\write5
)
(c:/Users/aghazi/AppData/Roaming/TinyTeX/texmf-dist/tex/latex/framed/framed.sty
Package: framed 2011/10/22 v 0.96: framed or shaded text with page breaks
\OuterFrameSep=\skip67
\fb@frw=\dimen288
\fb@frh=\dimen289
\FrameRule=\dimen290
\FrameSep=\dimen291
)
(c:/Users/aghazi/AppData/Roaming/TinyTeX/texmf-dist/tex/latex/l3backend/l3backe
nd-pdftex.def
File: l3backend-pdftex.def 2021-03-18 L3 backend support: PDF output (pdfTeX)
\l__color_backend_stack_int=\count334
\l__pdf_internal_box=\box74
)
No file tidy_overview.aux.
\openout1 = `tidy_overview.aux'.

LaTeX Font Info:    Checking defaults for OML/cmm/m/it on input line 150.
LaTeX Font Info:    ... okay on input line 150.
LaTeX Font Info:    Checking defaults for OMS/cmsy/m/n on input line 150.
LaTeX Font Info:    ... okay on input line 150.
LaTeX Font Info:    Checking defaults for OT1/cmr/m/n on input line 150.
LaTeX Font Info:    ... okay on input line 150.
LaTeX Font Info:    Checking defaults for T1/cmr/m/n on input line 150.
LaTeX Font Info:    ... okay on input line 150.
LaTeX Font Info:    Checking defaults for TS1/cmr/m/n on input line 150.
LaTeX Font Info:    ... okay on input line 150.
LaTeX Font Info:    Checking defaults for OMX/cmex/m/n on input line 150.
LaTeX Font Info:    ... okay on input line 150.
LaTeX Font Info:    Checking defaults for U/cmr/m/n on input line 150.
LaTeX Font Info:    ... okay on input line 150.
LaTeX Font Info:    Checking defaults for PD1/pdf/m/n on input line 150.
LaTeX Font Info:    ... okay on input line 150.
LaTeX Font Info:    Checking defaults for PU/pdf/m/n on input line 150.
LaTeX Font Info:    ... okay on input line 150.
*geometry* driver: auto-detecting
*geometry* detected driver: pdftex
*geometry* verbose mode - [ preamble ] result:
* driver: pdftex
* paper: custom
* layout: <same size as paper>
* layoutoffset:(h,v)=(0.0pt,0.0pt)
* modes: includehead includefoot 
* h-part:(L,W,R)=(28.45274pt, 307.28987pt, 28.45274pt)
* v-part:(T,H,B)=(0.0pt, 273.14662pt, 0.0pt)
* \paperwidth=364.19536pt
* \paperheight=273.14662pt
* \textwidth=307.28987pt
* \textheight=244.6939pt
* \oddsidemargin=-43.81725pt
* \evensidemargin=-43.81725pt
* \topmargin=-72.26999pt
* \headheight=14.22636pt
* \headsep=0.0pt
* \topskip=11.0pt
* \footskip=14.22636pt
* \marginparwidth=4.0pt
* \marginparsep=10.0pt
* \columnsep=10.0pt
* \skip\footins=10.0pt plus 4.0pt minus 2.0pt
* \hoffset=0.0pt
* \voffset=0.0pt
* \mag=1000
* \@twocolumnfalse
* \@twosidefalse
* \@mparswitchfalse
* \@reversemarginfalse
* (1in=72.27pt=25.4mm, 1cm=28.453pt)


(c:/Users/aghazi/AppData/Roaming/TinyTeX/texmf-dist/tex/latex/epstopdf-pkg/epst
opdf-base.sty
Package: epstopdf-base 2020-01-24 v2.11 Base part for package epstopdf
Package epstopdf-base Info: Redefining graphics rule for `.eps' on input line 4
85.

(c:/Users/aghazi/AppData/Roaming/TinyTeX/texmf-dist/tex/latex/latexconfig/epsto
pdf-sys.cfg
File: epstopdf-sys.cfg 2010/07/13 v1.3 Configuration of (r)epstopdf for TeX Liv
e
))
Package hyperref Info: Link coloring OFF on input line 150.

(c:/Users/aghazi/AppData/Roaming/TinyTeX/texmf-dist/tex/latex/hyperref/nameref.
sty
Package: nameref 2021-04-02 v2.47 Cross-referencing by name of section

(c:/Users/aghazi/AppData/Roaming/TinyTeX/texmf-dist/tex/latex/refcount/refcount
.sty
Package: refcount 2019/12/15 v3.6 Data extraction from label references (HO)
)
(c:/Users/aghazi/AppData/Roaming/TinyTeX/texmf-dist/tex/generic/gettitlestring/
gettitlestring.sty
Package: gettitlestring 2019/12/15 v1.6 Cleanup title references (HO)
)
\c@section@level=\count335
)
LaTeX Info: Redefining \ref on input line 150.
LaTeX Info: Redefining \pageref on input line 150.
LaTeX Info: Redefining \nameref on input line 150.
\@outlinefile=\write6
\openout6 = `tidy_overview.out'.

LaTeX Font Info:    Overwriting symbol font `operators' in version `normal'
(Font)                  OT1/lmr/m/n --> OT1/cmss/m/n on input line 150.
LaTeX Font Info:    Overwriting symbol font `operators' in version `bold'
(Font)                  OT1/lmr/bx/n --> OT1/cmss/b/n on input line 150.
LaTeX Font Info:    Overwriting symbol font `operators' in version `normal'
(Font)                  OT1/cmss/m/n --> OT1/lmss/m/n on input line 150.
LaTeX Font Info:    Overwriting symbol font `operators' in version `bold'
(Font)                  OT1/cmss/b/n --> OT1/lmss/b/n on input line 150.
\symnumbers=\mathgroup6
\sympureletters=\mathgroup7
LaTeX Font Info:    Overwriting math alphabet `\mathrm' in version `normal'
(Font)                  OT1/lmss/m/n --> T1/lmr/m/n on input line 150.
LaTeX Font Info:    Redeclaring math alphabet \mathbf on input line 150.
LaTeX Font Info:    Overwriting math alphabet `\mathbf' in version `normal'
(Font)                  OT1/lmr/bx/n --> T1/lmss/b/n on input line 150.
LaTeX Font Info:    Overwriting math alphabet `\mathbf' in version `bold'
(Font)                  OT1/lmr/bx/n --> T1/lmss/b/n on input line 150.
LaTeX Font Info:    Redeclaring math alphabet \mathsf on input line 150.
LaTeX Font Info:    Overwriting math alphabet `\mathsf' in version `normal'
(Font)                  OT1/lmss/m/n --> T1/lmss/m/n on input line 150.
LaTeX Font Info:    Overwriting math alphabet `\mathsf' in version `bold'
(Font)                  OT1/lmss/bx/n --> T1/lmss/m/n on input line 150.
LaTeX Font Info:    Redeclaring math alphabet \mathit on input line 150.
LaTeX Font Info:    Overwriting math alphabet `\mathit' in version `normal'
(Font)                  OT1/lmr/m/it --> T1/lmss/m/it on input line 150.
LaTeX Font Info:    Overwriting math alphabet `\mathit' in version `bold'
(Font)                  OT1/lmr/bx/it --> T1/lmss/m/it on input line 150.
LaTeX Font Info:    Redeclaring math alphabet \mathtt on input line 150.
LaTeX Font Info:    Overwriting math alphabet `\mathtt' in version `normal'
(Font)                  OT1/lmtt/m/n --> T1/lmtt/m/n on input line 150.
LaTeX Font Info:    Overwriting math alphabet `\mathtt' in version `bold'
(Font)                  OT1/lmtt/m/n --> T1/lmtt/m/n on input line 150.
LaTeX Font Info:    Overwriting symbol font `numbers' in version `bold'
(Font)                  T1/lmss/m/n --> T1/lmss/b/n on input line 150.
LaTeX Font Info:    Overwriting symbol font `pureletters' in version `bold'
(Font)                  T1/lmss/m/it --> T1/lmss/b/it on input line 150.
LaTeX Font Info:    Overwriting math alphabet `\mathrm' in version `bold'
(Font)                  OT1/lmss/b/n --> T1/lmr/b/n on input line 150.
LaTeX Font Info:    Overwriting math alphabet `\mathbf' in version `bold'
(Font)                  T1/lmss/b/n --> T1/lmss/b/n on input line 150.
LaTeX Font Info:    Overwriting math alphabet `\mathsf' in version `bold'
(Font)                  T1/lmss/m/n --> T1/lmss/b/n on input line 150.
LaTeX Font Info:    Overwriting math alphabet `\mathit' in version `bold'
(Font)                  T1/lmss/m/it --> T1/lmss/b/it on input line 150.
LaTeX Font Info:    Overwriting math alphabet `\mathtt' in version `bold'
(Font)                  T1/lmtt/m/n --> T1/lmtt/b/n on input line 150.

(c:/Users/aghazi/AppData/Roaming/TinyTeX/texmf-dist/tex/latex/translator/transl
ator-basic-dictionary-English.dict
Dictionary: translator-basic-dictionary, Language: English 
)
(c:/Users/aghazi/AppData/Roaming/TinyTeX/texmf-dist/tex/latex/translator/transl
ator-bibliography-dictionary-English.dict
Dictionary: translator-bibliography-dictionary, Language: English 
)
(c:/Users/aghazi/AppData/Roaming/TinyTeX/texmf-dist/tex/latex/translator/transl
ator-environment-dictionary-English.dict
Dictionary: translator-environment-dictionary, Language: English 
)
(c:/Users/aghazi/AppData/Roaming/TinyTeX/texmf-dist/tex/latex/translator/transl
ator-months-dictionary-English.dict
Dictionary: translator-months-dictionary, Language: English 
)
(c:/Users/aghazi/AppData/Roaming/TinyTeX/texmf-dist/tex/latex/translator/transl
ator-numbers-dictionary-English.dict
Dictionary: translator-numbers-dictionary, Language: English 
)
(c:/Users/aghazi/AppData/Roaming/TinyTeX/texmf-dist/tex/latex/translator/transl
ator-theorem-dictionary-English.dict
Dictionary: translator-theorem-dictionary, Language: English 
)
No file tidy_overview.nav.
[1

{c:/Users/aghazi/AppData/Roaming/TinyTeX/texmf-var/fonts/map/pdftex/updmap/pdft
ex.map}]
\openout4 = `tidy_overview.vrb'.

(./tidy_overview.vrb
LaTeX Font Info:    Trying to load font information for OT1+lmss on input line 
12.
(c:/Users/aghazi/AppData/Roaming/TinyTeX/texmf-dist/tex/latex/lm/ot1lmss.fd
File: ot1lmss.fd 2009/10/30 v1.6 Font defs for Latin Modern
)
LaTeX Font Info:    Trying to load font information for OML+lmm on input line 1
2.
(c:/Users/aghazi/AppData/Roaming/TinyTeX/texmf-dist/tex/latex/lm/omllmm.fd
File: omllmm.fd 2009/10/30 v1.6 Font defs for Latin Modern
)
LaTeX Font Info:    Trying to load font information for OMS+lmsy on input line 
12.
(c:/Users/aghazi/AppData/Roaming/TinyTeX/texmf-dist/tex/latex/lm/omslmsy.fd
File: omslmsy.fd 2009/10/30 v1.6 Font defs for Latin Modern
)
LaTeX Font Info:    Trying to load font information for OMX+lmex on input line 
12.
(c:/Users/aghazi/AppData/Roaming/TinyTeX/texmf-dist/tex/latex/lm/omxlmex.fd
File: omxlmex.fd 2009/10/30 v1.6 Font defs for Latin Modern
)
LaTeX Font Info:    External font `lmex10' loaded for size
(Font)              <10.95> on input line 12.
LaTeX Font Info:    External font `lmex10' loaded for size
(Font)              <8> on input line 12.
LaTeX Font Info:    External font `lmex10' loaded for size
(Font)              <6> on input line 12.
LaTeX Font Info:    Trying to load font information for U+msa on input line 12.

(c:/Users/aghazi/AppData/Roaming/TinyTeX/texmf-dist/tex/latex/amsfonts/umsa.fd
File: umsa.fd 2013/01/14 v3.01 AMS symbols A
)
LaTeX Font Info:    Trying to load font information for U+msb on input line 12.

(c:/Users/aghazi/AppData/Roaming/TinyTeX/texmf-dist/tex/latex/amsfonts/umsb.fd
File: umsb.fd 2013/01/14 v3.01 AMS symbols B
)
LaTeX Font Info:    Font shape `T1/lmss/m/it' in size <10.95> not available
(Font)              Font shape `T1/lmss/m/sl' tried instead on input line 12.
LaTeX Font Info:    Font shape `T1/lmss/m/it' in size <8> not available
(Font)              Font shape `T1/lmss/m/sl' tried instead on input line 12.
LaTeX Font Info:    Font shape `T1/lmss/m/it' in size <6> not available
(Font)              Font shape `T1/lmss/m/sl' tried instead on input line 12.
LaTeX Font Info:    Trying to load font information for T1+lmtt on input line 1
2.
(c:/Users/aghazi/AppData/Roaming/TinyTeX/texmf-dist/tex/latex/lm/t1lmtt.fd
File: t1lmtt.fd 2009/10/30 v1.6 Font defs for Latin Modern
)) [2

]
\openout4 = `tidy_overview.vrb'.

(./tidy_overview.vrb
LaTeX Font Info:    Trying to load font information for TS1+lmtt on input line 
10.
(c:/Users/aghazi/AppData/Roaming/TinyTeX/texmf-dist/tex/latex/lm/ts1lmtt.fd
File: ts1lmtt.fd 2009/10/30 v1.6 Font defs for Latin Modern
)
<images/tidyverse-logo.png, id=31, 741.10208pt x 855.52959pt>
File: images/tidyverse-logo.png Graphic file (type png)
<use images/tidyverse-logo.png>
Package pdftex.def Info: images/tidyverse-logo.png  used on input line 13.
(pdftex.def)             Requested size: 221.4842pt x 255.68178pt.
)
Overfull \vbox (73.24202pt too high) detected at line 197
 []

[3

 <./images/tidyverse-logo.png>] [4

]
\openout4 = `tidy_overview.vrb'.

(./tidy_overview.vrb
Overfull \hbox (8.89047pt too wide) in paragraph at lines 23--23
[]\T1/lmtt/m/n/10.95 ## [1] "Console output has two pound symbols in front."[] 

 []

) [5

]
\openout4 = `tidy_overview.vrb'.

(./tidy_overview.vrb
Overfull \hbox (169.85501pt too wide) in paragraph at lines 13--13
[]\T1/lmtt/m/n/10.95 ## -- Attaching packages ---------------------------------
------ tidyverse 1.3.0 --[] 
 []


Overfull \hbox (169.85501pt too wide) in paragraph at lines 26--26
[]\T1/lmtt/m/n/10.95 ## -- Conflicts ------------------------------------------
 tidyverse_conflicts() --[] 
 []

) [6

]
\openout4 = `tidy_overview.vrb'.

(./tidy_overview.vrb) [7

] [8

]
\openout4 = `tidy_overview.vrb'.

(./tidy_overview.vrb
Overfull \hbox (14.6392pt too wide) in paragraph at lines 30--30
[]\T1/lmtt/m/n/10.95 ##    npreg   glu    bp  skin   bmi   ped   age diabetic[]
 
 []

) [9

]
\openout4 = `tidy_overview.vrb'.

(./tidy_overview.vrb
Overfull \hbox (14.6392pt too wide) in paragraph at lines 26--26
[]\T1/lmtt/m/n/10.95 ##    npreg   glu    bp  skin   bmi   ped   age diabetic[]
 
 []

) [10

]
\openout4 = `tidy_overview.vrb'.

(./tidy_overview.vrb) [11

] [12

]
<images/top.jpg, id=98, 594.22pt x 394.47375pt>
File: images/top.jpg Graphic file (type jpg)
<use images/top.jpg>
Package pdftex.def Info: images/top.jpg  used on input line 384.
(pdftex.def)             Requested size: 230.46642pt x 152.99544pt.
[13

 <./images/top.jpg>]
<images/a83830605363b094e15f5dfb6bfa7862.jpg, id=106, 594.22pt x 394.47375pt>
File: images/a83830605363b094e15f5dfb6bfa7862.jpg Graphic file (type jpg)
<use images/a83830605363b094e15f5dfb6bfa7862.jpg>
Package pdftex.def Info: images/a83830605363b094e15f5dfb6bfa7862.jpg  used on i
nput line 391.
(pdftex.def)             Requested size: 230.46642pt x 152.99544pt.
[14

 <./images/a83830605363b094e15f5dfb6bfa7862.jpg>]
\openout4 = `tidy_overview.vrb'.

(./tidy_overview.vrb) [15

]
\openout4 = `tidy_overview.vrb'.

(./tidy_overview.vrb) [16

]
\openout4 = `tidy_overview.vrb'.

(./tidy_overview.vrb) [17

] [18

]
\openout4 = `tidy_overview.vrb'.

(./tidy_overview.vrb
<images/readr.png, id=139, 80.3pt x 93.01416pt>
File: images/readr.png Graphic file (type png)
<use images/readr.png>
Package pdftex.def Info: images/readr.png  used on input line 24.
(pdftex.def)             Requested size: 80.30469pt x 93.01959pt.
) [19

 <./images/readr.png>]
\openout4 = `tidy_overview.vrb'.

(./tidy_overview.vrb
Overfull \hbox (14.6392pt too wide) in paragraph at lines 33--33
[]\T1/lmtt/m/n/10.95 ##    npreg   glu    bp  skin   bmi   ped   age diabetic[]
 
 []

)
Overfull \vbox (22.58656pt too high) detected at line 520
 []

[20

]
\openout4 = `tidy_overview.vrb'.

(./tidy_overview.vrb
<images/dplyr_logo.png, id=156, 57.816pt x 66.7293pt>
File: images/dplyr_logo.png Graphic file (type png)
<use images/dplyr_logo.png>
Package pdftex.def Info: images/dplyr_logo.png  used on input line 13.
(pdftex.def)             Requested size: 221.56886pt x 255.72743pt.
)
Overfull \vbox (59.68767pt too high) detected at line 535
 []

[21

 <./images/dplyr_logo.png>]
\openout4 = `tidy_overview.vrb'.

(./tidy_overview.vrb
Overfull \hbox (14.6392pt too wide) in paragraph at lines 31--31
[]\T1/lmtt/m/n/10.95 ##    npreg   glu    bp  skin   bmi   ped   age diabetic[]
 
 []

)
Overfull \vbox (12.46454pt too high) detected at line 568
 []

[22

]
\openout4 = `tidy_overview.vrb'.

(./tidy_overview.vrb
Overfull \hbox (14.6392pt too wide) in paragraph at lines 31--31
[]\T1/lmtt/m/n/10.95 ##    npreg   glu    bp  skin   bmi   ped   age diabetic[]
 
 []

)
Overfull \vbox (10.94368pt too high) detected at line 601
 []

[23

]
\openout4 = `tidy_overview.vrb'.

(./tidy_overview.vrb)
Overfull \vbox (26.06454pt too high) detected at line 636
 []

[24

]
\openout4 = `tidy_overview.vrb'.

(./tidy_overview.vrb)
Overfull \vbox (25.15323pt too high) detected at line 671
 []

[25

]
\openout4 = `tidy_overview.vrb'.

(./tidy_overview.vrb
Overfull \hbox (14.6392pt too wide) in paragraph at lines 30--30
[]\T1/lmtt/m/n/10.95 ##    npreg   glu    bp  skin   bmi   ped   age diabetic[]
 
 []

)
Overfull \vbox (33.80203pt too high) detected at line 706
 []

[26

]
\openout4 = `tidy_overview.vrb'.

(./tidy_overview.vrb) [27

]
\openout4 = `tidy_overview.vrb'.

(./tidy_overview.vrb
Overfull \hbox (77.87527pt too wide) in paragraph at lines 33--33
[]\T1/lmtt/m/n/10.95 ##    npreg   glu    bp  skin   bmi   ped   age diabetic b
irth_year[] 
 []


Overfull \hbox (77.87527pt too wide) in paragraph at lines 33--33
[]\T1/lmtt/m/n/10.95 ##    <dbl> <dbl> <dbl> <dbl> <dbl> <dbl> <dbl> <chr>     
    <dbl>[] 
 []


Overfull \hbox (77.87527pt too wide) in paragraph at lines 33--33
[]\T1/lmtt/m/n/10.95 ##  1     5    86    68    28  30.2 0.364    24 No        
     1997[] 
 []


Overfull \hbox (77.87527pt too wide) in paragraph at lines 33--33
[]\T1/lmtt/m/n/10.95 ##  2     7   195    70    33  25.1 0.163    55 Yes       
     1966[] 
 []


Overfull \hbox (77.87527pt too wide) in paragraph at lines 33--33
[]\T1/lmtt/m/n/10.95 ##  3     5    77    82    41  35.8 0.156    35 No        
     1986[] 
 []


Overfull \hbox (77.87527pt too wide) in paragraph at lines 33--33
[]\T1/lmtt/m/n/10.95 ##  4     0   165    76    43  47.9 0.259    26 No        
     1995[] 
 []


Overfull \hbox (77.87527pt too wide) in paragraph at lines 33--33
[]\T1/lmtt/m/n/10.95 ##  5     0   107    60    25  26.4 0.133    23 No        
     1998[] 
 []


Overfull \hbox (77.87527pt too wide) in paragraph at lines 33--33
[]\T1/lmtt/m/n/10.95 ##  6     5    97    76    27  35.6 0.378    52 Yes       
     1969[] 
 []


Overfull \hbox (77.87527pt too wide) in paragraph at lines 33--33
[]\T1/lmtt/m/n/10.95 ##  7     3    83    58    31  34.3 0.336    25 No        
     1996[] 
 []


Overfull \hbox (77.87527pt too wide) in paragraph at lines 33--33
[]\T1/lmtt/m/n/10.95 ##  8     1   193    50    16  25.9 0.655    24 No        
     1997[] 
 []


Overfull \hbox (77.87527pt too wide) in paragraph at lines 33--33
[]\T1/lmtt/m/n/10.95 ##  9     3   142    80    15  32.4 0.2      63 No        
     1958[] 
 []


Overfull \hbox (77.87527pt too wide) in paragraph at lines 33--33
[]\T1/lmtt/m/n/10.95 ## 10     2   128    78    37  43.3 1.22     31 Yes       
     1990[] 
 []

)
Overfull \vbox (26.06454pt too high) detected at line 759
 []

[28

]
\openout4 = `tidy_overview.vrb'.

(./tidy_overview.vrb
Overfull \hbox (72.12654pt too wide) in paragraph at lines 35--35
[]\T1/lmtt/m/n/10.95 ##    npreg   glu    bp  skin   bmi   ped   age diabetic i
s_mother[] 
 []


Overfull \hbox (49.1316pt too wide) in paragraph at lines 35--35
[]\T1/lmtt/m/n/10.95 ##    <dbl> <dbl> <dbl> <dbl> <dbl> <dbl> <dbl> <chr>    <
lgl>[] 
 []


Overfull \hbox (43.38287pt too wide) in paragraph at lines 35--35
[]\T1/lmtt/m/n/10.95 ##  1     5    86    68    28  30.2 0.364    24 No       T
RUE[] 
 []


Overfull \hbox (43.38287pt too wide) in paragraph at lines 35--35
[]\T1/lmtt/m/n/10.95 ##  2     7   195    70    33  25.1 0.163    55 Yes      T
RUE[] 
 []


Overfull \hbox (43.38287pt too wide) in paragraph at lines 35--35
[]\T1/lmtt/m/n/10.95 ##  3     5    77    82    41  35.8 0.156    35 No       T
RUE[] 
 []


Overfull \hbox (49.1316pt too wide) in paragraph at lines 35--35
[]\T1/lmtt/m/n/10.95 ##  4     0   165    76    43  47.9 0.259    26 No       F
ALSE[] 
 []


Overfull \hbox (49.1316pt too wide) in paragraph at lines 35--35
[]\T1/lmtt/m/n/10.95 ##  5     0   107    60    25  26.4 0.133    23 No       F
ALSE[] 
 []


Overfull \hbox (43.38287pt too wide) in paragraph at lines 35--35
[]\T1/lmtt/m/n/10.95 ##  6     5    97    76    27  35.6 0.378    52 Yes      T
RUE[] 
 []


Overfull \hbox (43.38287pt too wide) in paragraph at lines 35--35
[]\T1/lmtt/m/n/10.95 ##  7     3    83    58    31  34.3 0.336    25 No       T
RUE[] 
 []


Overfull \hbox (43.38287pt too wide) in paragraph at lines 35--35
[]\T1/lmtt/m/n/10.95 ##  8     1   193    50    16  25.9 0.655    24 No       T
RUE[] 
 []


Overfull \hbox (43.38287pt too wide) in paragraph at lines 35--35
[]\T1/lmtt/m/n/10.95 ##  9     3   142    80    15  32.4 0.2      63 No       T
RUE[] 
 []


Overfull \hbox (43.38287pt too wide) in paragraph at lines 35--35
[]\T1/lmtt/m/n/10.95 ## 10     2   128    78    37  43.3 1.22     31 Yes      T
RUE[] 
 []

)
Overfull \vbox (53.26456pt too high) detected at line 796
 []

[29

]
\openout4 = `tidy_overview.vrb'.

(./tidy_overview.vrb) [30

]
\openout4 = `tidy_overview.vrb'.

(./tidy_overview.vrb
LaTeX Font Info:    External font `lmex10' loaded for size
(Font)              <10> on input line 13.
LaTeX Font Info:    External font `lmex10' loaded for size
(Font)              <7> on input line 13.
LaTeX Font Info:    External font `lmex10' loaded for size
(Font)              <5> on input line 13.
LaTeX Font Info:    Font shape `T1/lmss/m/it' in size <10> not available
(Font)              Font shape `T1/lmss/m/sl' tried instead on input line 13.
LaTeX Font Info:    Font shape `T1/lmss/m/it' in size <7> not available
(Font)              Font shape `T1/lmss/m/sl' tried instead on input line 13.
LaTeX Font Info:    Font shape `T1/lmss/m/it' in size <5> not available
(Font)              Font shape `T1/lmss/m/sl' tried instead on input line 13.
<images/ggplot2.png, id=219, 80.3pt x 93.01416pt>
File: images/ggplot2.png Graphic file (type png)
<use images/ggplot2.png>
Package pdftex.def Info: images/ggplot2.png  used on input line 23.
(pdftex.def)             Requested size: 80.30469pt x 93.01959pt.
) [31

 <./images/ggplot2.png>]
\openout4 = `tidy_overview.vrb'.

(./tidy_overview.vrb
<tidy_overview_files/figure-beamer/unnamed-chunk-29-1.pdf, id=228, 722.7pt x 26
6.9975pt>
File: tidy_overview_files/figure-beamer/unnamed-chunk-29-1.pdf Graphic file (ty
pe pdf)
<use tidy_overview_files/figure-beamer/unnamed-chunk-29-1.pdf>
Package pdftex.def Info: tidy_overview_files/figure-beamer/unnamed-chunk-29-1.p
df  used on input line 17.
(pdftex.def)             Requested size: 307.2923pt x 113.52742pt.
) [32

 <./tidy_overview_files/figure-beamer/unnamed-chunk-29-1.pdf>]
\openout4 = `tidy_overview.vrb'.

(./tidy_overview.vrb
<tidy_overview_files/figure-beamer/unnamed-chunk-30-1.pdf, id=240, 722.7pt x 26
6.9975pt>
File: tidy_overview_files/figure-beamer/unnamed-chunk-30-1.pdf Graphic file (ty
pe pdf)
<use tidy_overview_files/figure-beamer/unnamed-chunk-30-1.pdf>
Package pdftex.def Info: tidy_overview_files/figure-beamer/unnamed-chunk-30-1.p
df  used on input line 12.
(pdftex.def)             Requested size: 307.2923pt x 113.52742pt.
) [33

 <./tidy_overview_files/figure-beamer/unnamed-chunk-30-1.pdf>]
<images/geoms.png, id=252, 710.655pt x 606.01407pt>
File: images/geoms.png Graphic file (type png)
<use images/geoms.png>
Package pdftex.def Info: images/geoms.png  used on input line 886.
(pdftex.def)             Requested size: 315.61696pt x 269.1437pt.

Overfull \hbox (8.32709pt too wide) in paragraph at lines 886--886
 [] 
 []


Overfull \vbox (45.47058pt too high) detected at line 886
 []

[34

 <./images/geoms.png>]
! You can't use `\spacefactor' in math mode.
\@->\spacefactor 
                 \@m {}
l.906 \end{frame}
                  
Here is how much of TeX's memory you used:
 21270 strings out of 480962
 397625 string characters out of 5905732
 692381 words of memory out of 5000000
 37859 multiletter control sequences out of 15000+600000
 467279 words of font info for 78 fonts, out of 8000000 for 9000
 14 hyphenation exceptions out of 8191
 112i,11n,116p,438b,478s stack positions out of 5000i,500n,10000p,200000b,80000s

!  ==> Fatal error occurred, no output PDF file produced!
